TN:
SF:/Users/schertkov/workspace/twilio/rtd/js/notifications-js-lib/src/client.js
FN:67,_interopRequireDefault
FN:69,limit
FN:72,(anonymous_3)
FN:91,(anonymous_4)
FN:94,NotificationsClient
FN:133,get
FN:151,(anonymous_7)
FN:154,(anonymous_8)
FN:159,(anonymous_9)
FN:162,(anonymous_10)
FN:166,(anonymous_11)
FN:180,_routeMessage
FN:186,_onNeedReliableTransport
FN:195,_onRegistrationStateChange
FN:201,_onTransportStateChange
FN:207,_updateTransportState
FN:228,subscribe
FN:244,unsubscribe
FN:260,handlePushNotification
FN:272,setPushRegistrationId
FN:284,_updateToken
FNF:21
FNH:18
FNDA:30,_interopRequireDefault
FNDA:2,limit
FNDA:15,(anonymous_3)
FNDA:2,(anonymous_4)
FNDA:2,NotificationsClient
FNDA:7,get
FNDA:10,(anonymous_7)
FNDA:0,(anonymous_8)
FNDA:0,(anonymous_9)
FNDA:1,(anonymous_10)
FNDA:0,(anonymous_11)
FNDA:0,_routeMessage
FNDA:0,_onNeedReliableTransport
FNDA:10,_onRegistrationStateChange
FNDA:3,_onTransportStateChange
FNDA:13,_updateTransportState
FNDA:7,subscribe
FNDA:7,unsubscribe
FNDA:0,handlePushNotification
FNDA:2,setPushRegistrationId
FNDA:6,_updateToken
DA:0,30
DA:1,2
DA:3,2
DA:4,2
DA:6,2
DA:8,2
DA:10,2
DA:11,2
DA:13,1
DA:15,2
DA:16,2
DA:17,15
DA:18,15
DA:19,15
DA:36,2
DA:39,2
DA:40,0
DA:43,2
DA:45,2
DA:46,2
DA:48,2
DA:49,2
DA:51,2
DA:52,2
DA:54,2
DA:55,2
DA:57,2
DA:63,2
DA:65,2
DA:74,7
DA:75,0
DA:76,7
DA:77,0
DA:78,7
DA:79,2
DA:80,5
DA:81,0
DA:84,5
DA:89,2
DA:91,2
DA:92,10
DA:94,2
DA:95,0
DA:97,2
DA:99,2
DA:100,2
DA:101,1
DA:102,1
DA:104,2
DA:105,0
DA:114,0
DA:115,0
DA:119,0
DA:120,0
DA:122,0
DA:127,10
DA:128,10
DA:132,3
DA:133,3
DA:137,13
DA:140,13
DA:141,7
DA:143,7
DA:144,7
DA:145,7
DA:156,7
DA:157,7
DA:159,7
DA:169,7
DA:170,7
DA:172,7
DA:182,0
DA:191,2
DA:200,6
DA:201,6
DA:202,5
DA:204,5
DA:205,5
DA:207,6
DA:211,2
LF:80
LH:68
BRDA:67,1,0,16
BRDA:67,1,1,14
BRDA:67,2,0,30
BRDA:67,2,1,30
BRDA:97,3,0,2
BRDA:97,3,1,0
BRDA:99,4,0,0
BRDA:99,4,1,2
BRDA:103,5,0,2
BRDA:103,5,1,0
BRDA:105,6,0,2
BRDA:105,6,1,1
BRDA:108,7,0,2
BRDA:108,7,1,0
BRDA:109,8,0,2
BRDA:109,8,1,1
BRDA:111,9,0,2
BRDA:111,9,1,0
BRDA:112,10,0,2
BRDA:112,10,1,0
BRDA:134,11,0,0
BRDA:134,11,1,7
BRDA:136,12,0,0
BRDA:136,12,1,7
BRDA:138,13,0,2
BRDA:138,13,1,5
BRDA:138,14,0,7
BRDA:138,14,1,5
BRDA:140,15,0,0
BRDA:140,15,1,5
BRDA:152,16,0,2
BRDA:152,16,1,8
BRDA:187,17,0,0
BRDA:187,17,1,0
BRDA:208,18,0,13
BRDA:208,18,1,9
BRDA:210,19,0,7
BRDA:210,19,1,6
BRDA:229,20,0,7
BRDA:229,20,1,3
BRDA:245,21,0,7
BRDA:245,21,1,3
BRDA:273,22,0,2
BRDA:273,22,1,1
BRDA:286,23,0,5
BRDA:286,23,1,1
BRF:46
BRH:35
end_of_record
TN:
SF:/Users/schertkov/workspace/twilio/rtd/js/notifications-js-lib/src/configuration.js
FN:19,_interopRequireDefault
FN:24,(anonymous_2)
FN:25,NotificationConfig
FN:37,get
FN:40,get
FN:48,updateToken
FNF:6
FNH:6
FNDA:3,_interopRequireDefault
FNDA:1,(anonymous_2)
FNDA:2,NotificationConfig
FNDA:3,get
FNDA:30,get
FNDA:5,updateToken
DA:0,3
DA:1,1
DA:2,1
DA:6,2
DA:7,2
DA:8,2
DA:10,2
DA:14,3
DA:15,30
DA:20,5
LF:10
LH:10
BRDA:19,1,0,3
BRDA:19,1,1,0
BRDA:19,2,0,3
BRDA:19,2,1,3
BRDA:30,3,0,2
BRDA:30,3,1,2
BRDA:30,4,0,2
BRDA:30,4,1,0
BRDA:31,5,0,2
BRDA:31,5,1,2
BRF:10
BRH:9
end_of_record
TN:
SF:/Users/schertkov/workspace/twilio/rtd/js/notifications-js-lib/src/index.js
FN:11,_interopRequireDefault
FNF:1
FNH:1
FNDA:0,_interopRequireDefault
DA:0,1
DA:1,0
LF:2
LH:1
BRDA:11,1,0,0
BRDA:11,1,1,0
BRDA:11,2,0,0
BRDA:11,2,1,0
BRF:4
BRH:4
end_of_record
TN:
SF:/Users/schertkov/workspace/twilio/rtd/js/notifications-js-lib/src/logger.js
FN:15,_interopRequireDefault
FN:17,prepareLine
FN:22,setLevel
FN:26,trace
FN:29,debug
FN:32,info
FN:35,warn
FN:38,error
FNF:8
FNH:6
FNDA:2,_interopRequireDefault
FNDA:59,prepareLine
FNDA:2,setLevel
FNDA:30,trace
FNDA:16,debug
FNDA:13,info
FNDA:0,warn
FNDA:0,error
DA:0,2
DA:1,1
DA:3,1
DA:4,59
DA:8,2
DA:10,30
DA:11,16
DA:12,13
DA:13,0
DA:14,0
LF:10
LH:8
BRDA:15,1,0,1
BRDA:15,1,1,1
BRDA:15,2,0,2
BRDA:15,2,1,2
BRF:4
BRH:4
end_of_record
TN:
SF:/Users/schertkov/workspace/twilio/rtd/js/notifications-js-lib/src/registrar.connector.js
FN:59,_interopRequireDefault
FN:61,toArray
FN:63,(anonymous_3)
FN:82,(anonymous_4)
FN:85,RegistrarConnector
FN:94,onregistering
FN:97,onunregistering
FN:100,onregistered
FN:103,onunregistered
FN:106,onretrying
FN:109,onfailure
FN:123,(anonymous_12)
FN:147,setNotificationId
FN:157,updateToken
FN:162,has
FN:167,subscribe
FN:179,unsubscribe
FN:195,_updateRegistration
FN:202,_removeRegistration
FN:216,_update
FN:232,_setPendingUpdate
FN:237,_checkPendingUpdate
FN:249,_initRetry
FN:258,_retry
FN:270,_onRegistered
FN:277,_onUnregistered
FN:284,_register
FN:311,(anonymous_28)
FN:317,(anonymous_29)
FN:325,_unregister
FN:339,(anonymous_31)
FN:343,(anonymous_32)
FNF:32
FNH:27
FNDA:13,_interopRequireDefault
FNDA:19,toArray
FNDA:22,(anonymous_3)
FNDA:1,(anonymous_4)
FNDA:3,RegistrarConnector
FNDA:8,onregistering
FNDA:8,onunregistering
FNDA:16,onregistered
FNDA:19,onunregistered
FNDA:0,onretrying
FNDA:0,onfailure
FNDA:0,(anonymous_12)
FNDA:2,setNotificationId
FNDA:9,updateToken
FNDA:0,has
FNDA:4,subscribe
FNDA:4,unsubscribe
FNDA:25,_updateRegistration
FNDA:2,_removeRegistration
FNDA:19,_update
FNDA:8,_setPendingUpdate
FNDA:35,_checkPendingUpdate
FNDA:0,_initRetry
FNDA:0,_retry
FNDA:16,_onRegistered
FNDA:19,_onUnregistered
FNDA:8,_register
FNDA:8,(anonymous_28)
FNDA:0,(anonymous_29)
FNDA:8,_unregister
FNDA:8,(anonymous_31)
FNDA:0,(anonymous_32)
DA:0,13
DA:1,1
DA:2,1
DA:3,1
DA:4,1
DA:6,1
DA:7,19
DA:8,22
DA:9,19
DA:26,3
DA:29,3
DA:42,8
DA:43,8
DA:44,16
DA:45,19
DA:46,0
DA:48,0
DA:49,0
DA:55,3
DA:61,3
DA:62,0
DA:65,3
DA:79,3
DA:84,2
DA:85,0
DA:88,2
DA:89,2
DA:93,9
DA:97,0
DA:101,4
DA:102,0
DA:103,0
DA:106,4
DA:107,4
DA:108,4
DA:112,4
DA:113,0
DA:116,4
DA:118,4
DA:119,2
DA:121,2
DA:123,4
DA:127,25
DA:128,17
DA:133,2
DA:134,2
DA:144,19
DA:146,19
DA:147,11
DA:148,8
DA:150,8
DA:151,8
DA:152,8
DA:154,0
DA:159,8
DA:163,35
DA:164,27
DA:167,8
DA:168,8
DA:170,8
DA:174,0
DA:175,0
DA:178,0
DA:182,0
DA:183,0
DA:186,0
DA:187,0
DA:189,0
DA:193,16
DA:194,16
DA:195,16
DA:199,19
DA:200,19
DA:201,19
DA:204,8
DA:207,8
DA:216,8
DA:217,0
DA:219,8
DA:222,8
DA:223,8
DA:229,8
DA:230,8
DA:232,8
DA:233,8
DA:235,8
DA:236,8
DA:239,0
DA:240,0
DA:241,0
DA:245,8
DA:246,8
DA:247,0
DA:250,8
DA:251,8
DA:256,8
DA:257,8
DA:259,8
DA:260,8
DA:261,8
DA:266,0
DA:267,0
DA:268,0
DA:273,1
LF:104
LH:78
BRDA:59,1,0,9
BRDA:59,1,1,4
BRDA:59,2,0,13
BRDA:59,2,1,13
BRDA:88,3,0,3
BRDA:88,3,1,0
BRDA:110,4,0,0
BRDA:110,4,1,0
BRDA:148,5,0,0
BRDA:148,5,1,2
BRDA:168,6,0,0
BRDA:168,6,1,4
BRDA:180,7,0,0
BRDA:180,7,1,4
BRDA:186,8,0,2
BRDA:186,8,1,2
BRDA:196,9,0,17
BRDA:196,9,1,8
BRDA:203,10,0,2
BRDA:203,10,1,0
BRDA:219,11,0,11
BRDA:219,11,1,8
BRDA:220,12,0,8
BRDA:220,12,1,3
BRDA:220,13,0,11
BRDA:220,13,1,11
BRDA:223,14,0,8
BRDA:223,14,1,0
BRDA:238,15,0,27
BRDA:238,15,1,8
BRDA:250,16,0,0
BRDA:250,16,1,0
BRDA:259,17,0,0
BRDA:259,17,1,0
BRDA:297,18,0,0
BRDA:297,18,1,8
BRDA:328,19,0,0
BRDA:328,19,1,8
BRF:38
BRH:24
end_of_record
TN:
SF:/Users/schertkov/workspace/twilio/rtd/js/notifications-js-lib/src/registrar.js
FN:51,_interopRequireDefault
FN:59,(anonymous_2)
FN:62,Registrar
FN:79,(anonymous_4)
FN:97,setNotificationId
FN:107,hasSubscription
FN:121,subscribe
FN:134,unsubscribe
FN:139,updateToken
FN:140,(anonymous_10)
FN:153,_connector
FNF:11
FNH:11
FNDA:11,_interopRequireDefault
FNDA:1,(anonymous_2)
FNDA:1,Registrar
FNDA:10,(anonymous_4)
FNDA:3,setNotificationId
FNDA:0,hasSubscription
FNDA:7,subscribe
FNDA:7,unsubscribe
FNDA:3,updateToken
FNDA:12,(anonymous_10)
FNDA:17,_connector
DA:0,11
DA:1,1
DA:2,1
DA:3,1
DA:13,1
DA:16,1
DA:21,1
DA:23,1
DA:24,1
DA:25,1
DA:26,1
DA:28,10
DA:40,3
DA:47,0
DA:58,7
DA:68,7
DA:72,12
DA:81,17
DA:82,17
DA:83,0
DA:85,17
DA:89,1
LF:22
LH:20
BRDA:51,1,0,8
BRDA:51,1,1,3
BRDA:51,2,0,11
BRDA:51,2,1,11
BRDA:65,3,0,1
BRDA:65,3,1,0
BRDA:72,4,0,0
BRDA:72,4,1,1
BRDA:155,5,0,0
BRDA:155,5,1,17
BRF:10
BRH:7
end_of_record
TN:
SF:/Users/schertkov/workspace/twilio/rtd/js/notifications-js-lib/src/twilsock.connector.js
FN:51,_interopRequireDefault
FN:55,toArray
FN:57,(anonymous_3)
FN:70,(anonymous_4)
FN:73,TwilsockConnector
FN:88,(anonymous_6)
FN:94,(anonymous_7)
FN:109,setNotificationId
FN:119,updateToken
FN:131,has
FN:141,subscribe
FN:158,unsubscribe
FN:180,_updateContext
FNF:13
FNH:12
FNDA:11,_interopRequireDefault
FNDA:8,toArray
FNDA:11,(anonymous_3)
FNDA:1,(anonymous_4)
FNDA:1,TwilsockConnector
FNDA:0,(anonymous_6)
FNDA:3,(anonymous_7)
FNDA:1,setNotificationId
FNDA:3,updateToken
FNDA:0,has
FNDA:3,subscribe
FNDA:3,unsubscribe
FNDA:8,_updateContext
DA:0,11
DA:1,1
DA:2,1
DA:4,1
DA:6,1
DA:8,1
DA:9,8
DA:10,11
DA:11,8
DA:22,1
DA:25,1
DA:27,1
DA:35,1
DA:36,0
DA:37,0
DA:41,1
DA:42,3
DA:43,2
DA:52,1
DA:59,3
DA:60,3
DA:61,3
DA:68,0
DA:75,3
DA:76,0
DA:77,0
DA:80,3
DA:81,3
DA:82,3
DA:89,3
DA:90,0
DA:93,3
DA:95,3
DA:96,2
DA:98,1
DA:101,3
DA:108,8
DA:111,8
DA:121,8
DA:122,8
DA:126,1
LF:41
LH:35
BRDA:51,1,0,8
BRDA:51,1,1,3
BRDA:51,2,0,11
BRDA:51,2,1,11
BRDA:76,3,0,1
BRDA:76,3,1,0
BRDA:89,4,0,0
BRDA:89,4,1,0
BRDA:95,5,0,2
BRDA:95,5,1,1
BRDA:95,6,0,3
BRDA:95,6,1,3
BRDA:95,6,2,2
BRDA:142,7,0,0
BRDA:142,7,1,3
BRDA:159,8,0,0
BRDA:159,8,1,3
BRDA:165,9,0,2
BRDA:165,9,1,1
BRF:19
BRH:14
end_of_record
